<?xml version="1.0" encoding="UTF-8"?>
<testng-results ignored="0" total="2" passed="2" failed="0" skipped="0">
  <reporter-output>
  </reporter-output>
  <suite started-at="2023-05-03T11:20:02 IST" name="Default suite" finished-at="2023-05-03T11:20:10 IST" duration-ms="7779">
    <groups>
    </groups>
    <test started-at="2023-05-03T11:20:02 IST" name="Default test" finished-at="2023-05-03T11:20:10 IST" duration-ms="7779">
      <class name="ResponseSpecBuilder.Demo">
        <test-method is-config="true" signature="createResposne()[pri:0, instance:ResponseSpecBuilder.Demo@6dc17b83]" started-at="2023-05-03T11:20:02 IST" name="createResposne" finished-at="2023-05-03T11:20:03 IST" duration-ms="592" status="PASS">
          <reporter-output>
          </reporter-output>
        </test-method> <!-- createResposne -->
        <test-method signature="getBookingById()[pri:0, instance:ResponseSpecBuilder.Demo@6dc17b83]" started-at="2023-05-03T11:20:03 IST" name="getBookingById" finished-at="2023-05-03T11:20:07 IST" duration-ms="4286" status="PASS">
          <reporter-output>
          </reporter-output>
        </test-method> <!-- getBookingById -->
        <test-method signature="getBookingByName()[pri:0, instance:ResponseSpecBuilder.Demo@6dc17b83]" started-at="2023-05-03T11:20:07 IST" name="getBookingByName" finished-at="2023-05-03T11:20:10 IST" duration-ms="2850" status="PASS">
          <reporter-output>
          </reporter-output>
        </test-method> <!-- getBookingByName -->
      </class> <!-- ResponseSpecBuilder.Demo -->
    </test> <!-- Default test -->
  </suite> <!-- Default suite -->
</testng-results>
